#
# A fatal error has been detected by the Java Runtime Environment:
#
#  EXCEPTION_ACCESS_VIOLATION (0xc0000005) at pc=0x0000000076d4e4b4, pid=6992, tid=348
#
# JRE version: 7.0_03-b05
# Java VM: Java HotSpot(TM) 64-Bit Server VM (22.1-b02 mixed mode windows-amd64 compressed oops)
# Problematic frame:
# C  [ntdll.dll+0x4e4b4]
#
# Failed to write core dump. Minidumps are not enabled by default on client versions of Windows
#
# If you would like to submit a bug report, please visit:
#   http://bugreport.sun.com/bugreport/crash.jsp
# The crash happened outside the Java Virtual Machine in native code.
# See problematic frame for where to report the bug.
#

---------------  T H R E A D  ---------------

Current thread (0x0000000009112000):  JavaThread "Swing-Shell" daemon [_thread_in_native, id=348, stack(0x0000000008440000,0x0000000008540000)]

siginfo: ExceptionCode=0xc0000005, writing address 0x0000000000000024

Registers:
RAX=0x0000000000000000, RBX=0x000000011005eb80, RCX=0x00000000fffffffc, RDX=0x0000000000000404
RSP=0x000000000853e730, RBP=0x0000000000000000, RSI=0x0000000000000404, RDI=0x0000000000000000
R8 =0x000000000853e678, R9 =0x0000000000000004, R10=0x0000000076eb04f0, R11=0x0000000000000246
R12=0x0000000000000000, R13=0x0000000000000000, R14=0x000007fffff94000, R15=0x0000000000000000
RIP=0x0000000076d4e4b4, EFLAGS=0x0000000000010213

Top of Stack: (sp=0x000000000853e730)
0x000000000853e730:   000000000853f490 0000000000000404
0x000000000853e740:   00000000000000b7 0000000009112000
0x000000000853e750:   0000000006fe0830 000000000853f2c0
0x000000000853e760:   00000000027d7c1e 00000000027d7b50
0x000000000853e770:   0000000000000000 0000000000000000
0x000000000853e780:   000000000853f2c0 0000000006fe0840
0x000000000853e790:   0000000076e15410 0000000000000000
0x000000000853e7a0:   0000000000001010 00000000003c0000
0x000000000853e7b0:   0000000076d5a020 000000000000ffff
0x000000000853e7c0:   0000000000000004 0000000000000001
0x000000000853e7d0:   00000000ff000000 0000000076d4e3db
0x000000000853e7e0:   0000000000000000 0000000076e32550
0x000000000853e7f0:   000000000a408c11 000000011005eb80
0x000000000853e800:   000000000a48daa8 00000001100104ec
0x000000000853e810:   000000000853f650 000000000a48d5f0
0x000000000853e820:   0000000000000040 0000000002878a8a 

Instructions: (pc=0x0000000076d4e4b4)
0x0000000076d4e494:   0f b1 4b 08 0f 85 9b 47 fd ff 48 8b 03 4c 89 ac
0x0000000076d4e4a4:   24 c0 00 00 00 33 ed 45 33 ed 48 83 f8 ff 74 03
0x0000000076d4e4b4:   ff 40 24 ba 22 17 00 00 48 8d 3d cd 8f 0e 00 80
0x0000000076d4e4c4:   3c 25 82 03 fe 7f 00 0f 85 53 be 01 00 48 83 fe 


Register to memory mapping:

RAX=0x0000000000000000 is an unknown value
RBX=0x000000011005eb80 is an unknown value
RCX=0x00000000fffffffc is an unallocated location in the heap
RDX=0x0000000000000404 is an unknown value
RSP=0x000000000853e730 is pointing into the stack for thread: 0x0000000009112000
RBP=0x0000000000000000 is an unknown value
RSI=0x0000000000000404 is an unknown value
RDI=0x0000000000000000 is an unknown value
R8 =0x000000000853e678 is pointing into the stack for thread: 0x0000000009112000
R9 =0x0000000000000004 is an unknown value
R10=0x0000000076eb04f0 is an unknown value
R11=0x0000000000000246 is an unknown value
R12=0x0000000000000000 is an unknown value
R13=0x0000000000000000 is an unknown value
R14=0x000007fffff94000 is an unknown value
R15=0x0000000000000000 is an unknown value


Stack: [0x0000000008440000,0x0000000008540000],  sp=0x000000000853e730,  free space=1017k
Native frames: (J=compiled Java code, j=interpreted, Vv=VM code, C=native code)
C  [ntdll.dll+0x4e4b4]  RtlDeNormalizeProcessParams+0x5a4

[error occurred during error reporting (printing native stack), id 0xc0000005]

Java frames: (J=compiled Java code, j=interpreted, Vv=VM code)
j  sun.awt.shell.Win32ShellFolderManager2.uninitializeCom()V+0
j  sun.awt.shell.Win32ShellFolderManager2$ComInvoker$3.run()V+12
j  java.lang.Thread.run()V+11
v  ~StubRoutines::call_stub

---------------  P R O C E S S  ---------------

Java Threads: ( => current thread )
  0x000000000736f000 JavaThread "TimerQueue" daemon [_thread_blocked, id=6604, stack(0x000000000a2f0000,0x000000000a3f0000)]
=>0x0000000009112000 JavaThread "Swing-Shell" daemon [_thread_in_native, id=348, stack(0x0000000008440000,0x0000000008540000)]
  0x00000000002ab800 JavaThread "DestroyJavaVM" [_thread_blocked, id=5668, stack(0x00000000026a0000,0x00000000027a0000)]
  0x0000000007154000 JavaThread "AWT-EventQueue-0" [_thread_blocked, id=4832, stack(0x0000000007e90000,0x0000000007f90000)]
  0x0000000006003800 JavaThread "AWT-Shutdown" [_thread_blocked, id=4436, stack(0x00000000076c0000,0x00000000077c0000)]
  0x0000000006fb0800 JavaThread "Java2D Disposer" daemon [_thread_blocked, id=6772, stack(0x0000000007480000,0x0000000007580000)]
  0x0000000005ef7800 JavaThread "Service Thread" daemon [_thread_blocked, id=5492, stack(0x0000000006e70000,0x0000000006f70000)]
  0x0000000005ef5000 JavaThread "C2 CompilerThread1" daemon [_thread_blocked, id=5908, stack(0x0000000006c00000,0x0000000006d00000)]
  0x0000000005ee2800 JavaThread "C2 CompilerThread0" daemon [_thread_blocked, id=3644, stack(0x00000000069f0000,0x0000000006af0000)]
  0x0000000005ee1000 JavaThread "Attach Listener" daemon [_thread_blocked, id=4792, stack(0x0000000006600000,0x0000000006700000)]
  0x0000000005edf800 JavaThread "Signal Dispatcher" daemon [_thread_blocked, id=5324, stack(0x00000000068d0000,0x00000000069d0000)]
  0x0000000005e52800 JavaThread "Finalizer" daemon [_thread_blocked, id=2544, stack(0x0000000006730000,0x0000000006830000)]
  0x0000000005e4f000 JavaThread "Reference Handler" daemon [_thread_blocked, id=5232, stack(0x0000000006490000,0x0000000006590000)]

Other Threads:
  0x0000000005e47000 VMThread [stack: 0x00000000062c0000,0x00000000063c0000] [id=5336]

VM state:at safepoint (normal execution)

VM Mutex/Monitor currently owned by a thread:  ([mutex/lock_event])
[0x00000000002a9830] Threads_lock - owner thread: 0x0000000005e47000

Heap
 PSYoungGen      total 257344K, used 111877K [0x00000000f00b0000, 0x00000000fff70000, 0x0000000100000000)
  eden space 254144K, 43% used [0x00000000f00b0000,0x00000000f6d17318,0x00000000ff8e0000)
  from space 3200K, 27% used [0x00000000ff8e0000,0x00000000ff9ba230,0x00000000ffc00000)
  to   space 3008K, 0% used [0x00000000ffc80000,0x00000000ffc80000,0x00000000fff70000)
 PSOldGen        total 250240K, used 44247K [0x00000000d0200000, 0x00000000df660000, 0x00000000f00b0000)
  object space 250240K, 17% used [0x00000000d0200000,0x00000000d2d35d80,0x00000000df660000)
 PSPermGen       total 27584K, used 16350K [0x00000000cb000000, 0x00000000ccaf0000, 0x00000000d0200000)
  object space 27584K, 59% used [0x00000000cb000000,0x00000000cbff7ac8,0x00000000ccaf0000)

Code Cache  [0x00000000027a0000, 0x0000000002a10000, 0x00000000057a0000)
 total_blobs=928 nmethods=441 adapters=438 free_code_cache=47552Kb largest_free_block=48654720

Dynamic libraries:
0x000000013ff50000 - 0x000000013ff83000 	C:\Program Files\Java\jdk1.7.0_03\bin\java.exe
0x0000000076d00000 - 0x0000000076ea9000 	C:\Windows\SYSTEM32\ntdll.dll
0x0000000076be0000 - 0x0000000076cff000 	C:\Windows\system32\kernel32.dll
0x000007fefd210000 - 0x000007fefd27c000 	C:\Windows\system32\KERNELBASE.dll
0x0000000074560000 - 0x00000000745a5000 	C:\Program Files\Alwil Software\Avast5\snxhk64.dll
0x000007fefd590000 - 0x000007fefd66b000 	C:\Windows\system32\ADVAPI32.dll
0x000007fefd8e0000 - 0x000007fefd97f000 	C:\Windows\system32\msvcrt.dll
0x000007fefe020000 - 0x000007fefe03f000 	C:\Windows\SYSTEM32\sechost.dll
0x000007fefd7a0000 - 0x000007fefd8cd000 	C:\Windows\system32\RPCRT4.dll
0x0000000076780000 - 0x000000007687a000 	C:\Windows\system32\USER32.dll
0x000007fefe150000 - 0x000007fefe1b7000 	C:\Windows\system32\GDI32.dll
0x000007fefd6c0000 - 0x000007fefd6ce000 	C:\Windows\system32\LPK.dll
0x000007fefd6d0000 - 0x000007fefd799000 	C:\Windows\system32\USP10.dll
0x000007fefbbe0000 - 0x000007fefbdd4000 	C:\Windows\WinSxS\amd64_microsoft.windows.common-controls_6595b64144ccf1df_6.0.7601.17514_none_fa396087175ac9ac\COMCTL32.dll
0x000007fefdcf0000 - 0x000007fefdd61000 	C:\Windows\system32\SHLWAPI.dll
0x000007fefdcc0000 - 0x000007fefdcee000 	C:\Windows\system32\IMM32.DLL
0x000007fefe040000 - 0x000007fefe149000 	C:\Windows\system32\MSCTF.dll
0x000000006a8e0000 - 0x000000006a9b1000 	C:\Program Files\Java\jdk1.7.0_03\jre\bin\msvcr100.dll
0x0000000061120000 - 0x00000000617fa000 	C:\Program Files\Java\jdk1.7.0_03\jre\bin\server\jvm.dll
0x000007fef44a0000 - 0x000007fef44a9000 	C:\Windows\system32\WSOCK32.dll
0x000007fefd670000 - 0x000007fefd6bd000 	C:\Windows\system32\WS2_32.dll
0x000007fefd8d0000 - 0x000007fefd8d8000 	C:\Windows\system32\NSI.dll
0x000007fefae40000 - 0x000007fefae7b000 	C:\Windows\system32\WINMM.dll
0x0000000076ec0000 - 0x0000000076ec7000 	C:\Windows\system32\PSAPI.DLL
0x000000006ddb0000 - 0x000000006ddbf000 	C:\Program Files\Java\jdk1.7.0_03\jre\bin\verify.dll
0x000000006bb40000 - 0x000000006bb68000 	C:\Program Files\Java\jdk1.7.0_03\jre\bin\java.dll
0x000000006bb80000 - 0x000000006bb95000 	C:\Program Files\Java\jdk1.7.0_03\jre\bin\zip.dll
0x000000006a270000 - 0x000000006a404000 	C:\Program Files\Java\jdk1.7.0_03\jre\bin\awt.dll
0x000007fefdb60000 - 0x000007fefdc37000 	C:\Windows\system32\OLEAUT32.dll
0x000007fefdd70000 - 0x000007fefdf73000 	C:\Windows\system32\ole32.dll
0x000007fefb950000 - 0x000007fefb9a6000 	C:\Windows\system32\uxtheme.dll
0x0000000010100000 - 0x0000000010111000 	C:\Program Files\Logitech\SetPoint\lgscroll.dll
0x00000000723e0000 - 0x00000000724a9000 	C:\Windows\WinSxS\amd64_microsoft.vc80.crt_1fc8b3b9a1e18e3b_8.0.50727.6195_none_88e41e092fab0294\MSVCR80.dll
0x000007fefae80000 - 0x000007fefaead000 	C:\Windows\system32\ntmarta.dll
0x000007fefd530000 - 0x000007fefd582000 	C:\Windows\system32\WLDAP32.dll
0x000007fefb890000 - 0x000007fefb8a8000 	C:\Windows\system32\dwmapi.dll
0x000007fefd090000 - 0x000007fefd09f000 	C:\Windows\system32\CRYPTBASE.dll
0x000007fefe1c0000 - 0x000007fefef48000 	C:\Windows\system32\SHELL32.dll
0x000000006b8e0000 - 0x000000006b914000 	C:\Program Files\Java\jdk1.7.0_03\jre\bin\fontmanager.dll
0x000000006c790000 - 0x000000006c7a9000 	C:\Program Files\Java\jdk1.7.0_03\jre\bin\net.dll
0x000007fefc9d0000 - 0x000007fefca25000 	C:\Windows\system32\mswsock.dll
0x000007fefc9c0000 - 0x000007fefc9c7000 	C:\Windows\System32\wship6.dll
0x000000006bb20000 - 0x000000006bb31000 	C:\Program Files\Java\jdk1.7.0_03\jre\bin\nio.dll
0x000000006b890000 - 0x000000006b8d1000 	C:\Program Files\Java\jdk1.7.0_03\jre\bin\t2k.dll
0x000007fef73b0000 - 0x000007fef7450000 	C:\Windows\WinSxS\amd64_microsoft.windows.common-controls_6595b64144ccf1df_5.82.7601.17514_none_a4d6a923711520a9\comctl32.dll
0x000007fefd980000 - 0x000007fefdb57000 	C:\Windows\system32\SETUPAPI.dll
0x000007fefd490000 - 0x000007fefd4c6000 	C:\Windows\system32\CFGMGR32.dll
0x000007fefd4d0000 - 0x000007fefd4ea000 	C:\Windows\system32\DEVOBJ.dll
0x000007fefdf80000 - 0x000007fefe019000 	C:\Windows\system32\CLBCatQ.DLL
0x000007fefba60000 - 0x000007fefbb8c000 	C:\Windows\system32\propsys.dll
0x000007fefd030000 - 0x000007fefd087000 	C:\Windows\system32\apphelp.dll
0x000007fef6250000 - 0x000007fef63ec000 	C:\Windows\system32\NetworkExplorer.dll
0x000007fef6860000 - 0x000007fef6894000 	C:\Windows\System32\shdocvw.dll
0x000007fefd0c0000 - 0x000007fefd0cf000 	C:\Windows\system32\profapi.dll
0x000007fefaa20000 - 0x000007fefaa2b000 	C:\Windows\system32\slc.dll
0x000007fefb350000 - 0x000007fefb47a000 	C:\Windows\system32\WindowsCodecs.dll
0x00000000713b0000 - 0x00000000713d5000 	C:\Program Files\Alwil Software\Avast5\ashShA64.dll
0x000007fef6fa0000 - 0x000007fef72b6000 	C:\Windows\system32\msi.dll
0x0000000010000000 - 0x000000001001c000 	C:\Users\Pawel\AppData\Roaming\Dropbox\bin\DropboxExt64.14.dll
0x000007fef6df0000 - 0x000007fef6f15000 	C:\Windows\system32\dbghelp.dll
0x000007fef6d50000 - 0x000007fef6de6000 	C:\Windows\system32\msvcp60.dll
0x000007fef6b90000 - 0x000007fef6bc5000 	C:\Windows\system32\EhStorShell.dll
0x000007fef6ac0000 - 0x000007fef6b83000 	C:\Program Files (x86)\Google\Drive\googledrivesync64.dll
0x00000000712d0000 - 0x00000000713a3000 	C:\Windows\WinSxS\amd64_microsoft.vc90.crt_1fc8b3b9a1e18e3b_9.0.30729.6161_none_08e61857a83bc251\MSVCP90.dll
0x0000000071220000 - 0x00000000712c3000 	C:\Windows\WinSxS\amd64_microsoft.vc90.crt_1fc8b3b9a1e18e3b_9.0.30729.6161_none_08e61857a83bc251\MSVCR90.dll
0x000007fef6a40000 - 0x000007fef6abe000 	C:\Windows\System32\cscui.dll
0x000007fef6a30000 - 0x000007fef6a3c000 	C:\Windows\System32\CSCDLL.dll
0x000007fef6bd0000 - 0x000007fef6bdf000 	C:\Windows\system32\CSCAPI.dll
0x000007fef7c60000 - 0x000007fef7c78000 	C:\Windows\system32\MPR.dll
0x000007fef3610000 - 0x000007fef361a000 	C:\Windows\System32\drprov.dll
0x000007fefc530000 - 0x000007fefc56d000 	C:\Windows\System32\WINSTA.dll
0x000007fef25c0000 - 0x000007fef25e2000 	C:\Windows\System32\ntlanman.dll
0x000007fef35f0000 - 0x000007fef360c000 	C:\Windows\System32\davclnt.dll
0x000007fef25b0000 - 0x000007fef25ba000 	C:\Windows\System32\DAVHLPR.dll
0x000007fefb1c0000 - 0x000007fefb1d5000 	C:\Windows\system32\wkscli.dll
0x000007fefb1e0000 - 0x000007fefb1ec000 	C:\Windows\system32\netutils.dll
0x000007fef8660000 - 0x000007fef871d000 	C:\Windows\system32\PortableDeviceApi.dll
0x000007fefd4f0000 - 0x000007fefd52a000 	C:\Windows\system32\WINTRUST.dll
0x000007fefd320000 - 0x000007fefd487000 	C:\Windows\system32\CRYPT32.dll
0x000007fefd200000 - 0x000007fefd20f000 	C:\Windows\system32\MSASN1.dll
0x000007fef37d0000 - 0x000007fef37f7000 	C:\Windows\system32\EhStorAPI.dll
0x000007fef6850000 - 0x000007fef685c000 	C:\Windows\system32\LINKINFO.dll
0x000007fefce30000 - 0x000007fefce3b000 	C:\Windows\system32\Secur32.dll
0x000007fefd000000 - 0x000007fefd025000 	C:\Windows\system32\SSPICLI.DLL
0x000007fefb1a0000 - 0x000007fefb1b4000 	C:\Windows\system32\samcli.dll
0x000007fefbb90000 - 0x000007fefbbad000 	C:\Windows\system32\SAMLIB.dll
0x0000000071920000 - 0x0000000071950000 	C:\Program Files\Java\jdk1.7.0_03\jre\bin\jpeg.dll
0x000007fef8030000 - 0x000007fef806f000 	C:\Windows\System32\cscobj.dll
0x000007fefc460000 - 0x000007fefc47e000 	C:\Windows\System32\USERENV.dll
0x000007fefca30000 - 0x000007fefca47000 	C:\Windows\system32\CRYPTSP.dll
0x000007fefc730000 - 0x000007fefc777000 	C:\Windows\system32\rsaenh.dll
0x000007fefd0a0000 - 0x000007fefd0b4000 	C:\Windows\system32\RpcRtRemote.dll
0x000007fefccd0000 - 0x000007fefccf3000 	C:\Windows\system32\srvcli.dll
0x000007fefb870000 - 0x000007fefb880000 	C:\Program Files\Windows Photo Viewer\PhotoBase.dll

VM Arguments:
jvm_args: -Dfile.encoding=UTF-8 
java_command: cuploader.frames.Main
Launcher Type: SUN_STANDARD

Environment Variables:
PATH=C:\Perl\site\bin;C:\Perl\bin;C:\Program Files\Common Files\Microsoft Shared\Windows Live;C:\Program Files (x86)\Common Files\Microsoft Shared\Windows Live;C:\Windows\system32;C:\Windows;C:\Windows\System32\Wbem;C:\Windows\System32\WindowsPowerShell\v1.0\;C:\Program Files (x86)\Common Files\Adobe\AGL;C:\Program Files (x86)\Windows Live\Shared;C:\Program Files (x86)\Microsoft SQL Server\90\Tools\binn\;C:\Program Files (x86)\Microsoft SQL Server\100\Tools\Binn\VSShell\Common7\IDE\;C:\Program Files (x86)\Microsoft SQL Server\100\Tools\Binn\;C:\Program Files (x86)\Microsoft SQL Server\100\DTS\Binn\;C:\Program Files (x86)\Common Files\Borland Shared\BDE
USERNAME=Pawel
OS=Windows_NT
PROCESSOR_IDENTIFIER=Intel64 Family 6 Model 15 Stepping 13, GenuineIntel



---------------  S Y S T E M  ---------------

OS: Windows 7 , 64 bit Build 7601 Service Pack 1

CPU:total 2 (2 cores per cpu, 1 threads per core) family 6 model 15 stepping 13, cmov, cx8, fxsr, mmx, sse, sse2, sse3, ssse3

Memory: 4k page, physical 3135928k(851452k free), swap 6270004k(2424036k free)

vm_info: Java HotSpot(TM) 64-Bit Server VM (22.1-b02) for windows-amd64 JRE (1.7.0_03-b05), built on Feb  3 2012 20:43:56 by "java_re" with unknown MS VC++:1600

time: Sat Jun 02 01:08:15 2012
elapsed time: 174 seconds

